app/build/intermediates/manifest_merge_blame_file/debug/processDebugMainManifest/manifest-merger-blame-debug-report.txt
1<?xml version="1.0" encoding="utf-8"?>
2<manifest xmlns:android="http://schemas.android.com/apk/res/android"
3    package="com.example.skillocal_final"
4    android:versionCode="1"
5    android:versionName="1.0" >
6
7    <uses-sdk
8        android:minSdkVersion="24"
9        android:targetSdkVersion="35" />
10
11    <uses-permission android:name="android.permission.INTERNET" />
11-->src\main\AndroidManifest.xml:3:5-67
11-->src\main\AndroidManifest.xml:3:22-64
12    <uses-permission android:name="android.permission.ACCESS_NETWORK_STATE" />
12-->src\main\AndroidManifest.xml:4:5-79
12-->src\main\AndroidManifest.xml:4:22-76
13    <uses-permission android:name="android.permission.INTERNET" />
13-->src\main\AndroidManifest.xml:3:5-67
13-->src\main\AndroidManifest.xml:3:22-64
14    <uses-permission android:name="android.permission.ACCESS_NETWORK_STATE" />
14-->src\main\AndroidManifest.xml:4:5-79
14-->src\main\AndroidManifest.xml:4:22-76
15
16    <permission
16-->[androidx.core:core:1.13.0] AndroidManifest.xml:22:5-24:47
17        android:name="com.example.skillocal_final.DYNAMIC_RECEIVER_NOT_EXPORTED_PERMISSION"
17-->[androidx.core:core:1.13.0] AndroidManifest.xml:23:9-81
18        android:protectionLevel="signature" />
18-->[androidx.core:core:1.13.0] AndroidManifest.xml:24:9-44
19
20    <uses-permission android:name="com.example.skillocal_final.DYNAMIC_RECEIVER_NOT_EXPORTED_PERMISSION" />
20-->[androidx.core:core:1.13.0] AndroidManifest.xml:26:5-97
20-->[androidx.core:core:1.13.0] AndroidManifest.xml:26:22-94
21
22    <application
22-->src\main\AndroidManifest.xml:9:5-48:19
23        android:allowBackup="true"
23-->src\main\AndroidManifest.xml:10:9-35
24        android:appComponentFactory="androidx.core.app.CoreComponentFactory"
24-->[androidx.core:core:1.13.0] AndroidManifest.xml:28:18-86
25        android:dataExtractionRules="@xml/data_extraction_rules"
25-->src\main\AndroidManifest.xml:11:9-65
26        android:debuggable="true"
27        android:extractNativeLibs="false"
28        android:fullBackupContent="@xml/backup_rules"
28-->src\main\AndroidManifest.xml:12:9-54
29        android:icon="@mipmap/logo"
29-->src\main\AndroidManifest.xml:13:9-36
30        android:label="@string/app_name"
30-->src\main\AndroidManifest.xml:14:9-41
31        android:roundIcon="@mipmap/logo_round"
31-->src\main\AndroidManifest.xml:15:9-47
32        android:supportsRtl="true"
32-->src\main\AndroidManifest.xml:16:9-35
33        android:testOnly="true"
34        android:theme="@style/Theme.SKILLocalfinal" >
34-->src\main\AndroidManifest.xml:17:9-52
35
36        <!-- Launcher -->
37        <activity
37-->src\main\AndroidManifest.xml:21:9-28:20
38            android:name="com.example.skillocal_final.LoginActivity"
38-->src\main\AndroidManifest.xml:22:13-42
39            android:exported="true" >
39-->src\main\AndroidManifest.xml:23:13-36
40            <intent-filter>
40-->src\main\AndroidManifest.xml:24:13-27:29
41                <action android:name="android.intent.action.MAIN" />
41-->src\main\AndroidManifest.xml:25:17-69
41-->src\main\AndroidManifest.xml:25:25-66
42
43                <category android:name="android.intent.category.LAUNCHER" />
43-->src\main\AndroidManifest.xml:26:17-77
43-->src\main\AndroidManifest.xml:26:27-74
44            </intent-filter>
45        </activity>
46        <activity
46-->src\main\AndroidManifest.xml:31:9-84
47            android:name="com.example.skillocal_final.CreateAccountActivity"
47-->src\main\AndroidManifest.xml:31:19-56
48            android:exported="false" />
48-->src\main\AndroidManifest.xml:31:57-81
49        <activity
49-->src\main\AndroidManifest.xml:32:9-75
50            android:name="com.example.skillocal_final.MainActivity"
50-->src\main\AndroidManifest.xml:32:19-47
51            android:exported="false" />
51-->src\main\AndroidManifest.xml:32:48-72
52        <activity
52-->src\main\AndroidManifest.xml:33:9-85
53            android:name="com.example.skillocal_final.EstablishmentsActivity"
53-->src\main\AndroidManifest.xml:33:19-57
54            android:exported="false" />
54-->src\main\AndroidManifest.xml:33:58-82
55        <activity
55-->src\main\AndroidManifest.xml:34:9-85
56            android:name="com.example.skillocal_final.AddEligibilityActivity"
56-->src\main\AndroidManifest.xml:34:19-57
57            android:exported="false" />
57-->src\main\AndroidManifest.xml:34:58-82
58        <activity
58-->src\main\AndroidManifest.xml:35:9-82
59            android:name="com.example.skillocal_final.AddTrainingActivity"
59-->src\main\AndroidManifest.xml:35:19-54
60            android:exported="false" />
60-->src\main\AndroidManifest.xml:35:55-79
61        <activity
61-->src\main\AndroidManifest.xml:36:9-88
62            android:name="com.example.skillocal_final.AddWorkExperienceActivity"
62-->src\main\AndroidManifest.xml:36:19-60
63            android:exported="false" />
63-->src\main\AndroidManifest.xml:36:61-85
64        <activity
64-->src\main\AndroidManifest.xml:37:9-89
65            android:name="com.example.skillocal_final.EditWorkExperienceActivity"
65-->src\main\AndroidManifest.xml:37:19-61
66            android:exported="false" />
66-->src\main\AndroidManifest.xml:37:62-86
67        <activity
67-->src\main\AndroidManifest.xml:38:9-86
68            android:name="com.example.skillocal_final.EditEligibilityActivity"
68-->src\main\AndroidManifest.xml:38:19-58
69            android:exported="false" />
69-->src\main\AndroidManifest.xml:38:59-83
70        <activity
70-->src\main\AndroidManifest.xml:39:9-83
71            android:name="com.example.skillocal_final.EditTrainingActivity"
71-->src\main\AndroidManifest.xml:39:19-55
72            android:exported="false" />
72-->src\main\AndroidManifest.xml:39:56-80
73        <activity
73-->src\main\AndroidManifest.xml:40:9-86
74            android:name="com.example.skillocal_final.CareerPortfolioActivity"
74-->src\main\AndroidManifest.xml:40:19-58
75            android:exported="false" />
75-->src\main\AndroidManifest.xml:40:59-83
76        <activity
76-->src\main\AndroidManifest.xml:41:9-85
77            android:name="com.example.skillocal_final.JobApplicationActivity"
77-->src\main\AndroidManifest.xml:41:19-57
78            android:exported="false" />
78-->src\main\AndroidManifest.xml:41:58-82
79        <activity
79-->src\main\AndroidManifest.xml:42:9-92
80            android:name="com.example.skillocal_final.ManageEmployerProfileActivity"
80-->src\main\AndroidManifest.xml:42:19-64
81            android:exported="false" />
81-->src\main\AndroidManifest.xml:42:65-89
82        <activity
82-->src\main\AndroidManifest.xml:43:9-92
83            android:name="com.example.skillocal_final.ManageEmployeeProfileActivity"
83-->src\main\AndroidManifest.xml:43:19-64
84            android:exported="false" />
84-->src\main\AndroidManifest.xml:43:65-89
85        <activity
85-->src\main\AndroidManifest.xml:44:9-81
86            android:name="com.example.skillocal_final.JobVacancyActivity"
86-->src\main\AndroidManifest.xml:44:19-53
87            android:exported="false" />
87-->src\main\AndroidManifest.xml:44:54-78
88        <activity
88-->src\main\AndroidManifest.xml:45:9-90
89            android:name="com.example.skillocal_final.JobMatchingEmployeeActivity"
89-->src\main\AndroidManifest.xml:45:19-62
90            android:exported="false" />
90-->src\main\AndroidManifest.xml:45:63-87
91        <activity
91-->src\main\AndroidManifest.xml:46:9-90
92            android:name="com.example.skillocal_final.JobMatchingEmployerActivity"
92-->src\main\AndroidManifest.xml:46:19-62
93            android:exported="false" />
93-->src\main\AndroidManifest.xml:46:63-87
94        <activity
94-->src\main\AndroidManifest.xml:47:9-85
95            android:name="com.example.skillocal_final.ForgotPasswordActivity"
95-->src\main\AndroidManifest.xml:47:19-57
96            android:exported="false" />
96-->src\main\AndroidManifest.xml:47:58-82
97
98        <provider
98-->[androidx.emoji2:emoji2:1.3.0] AndroidManifest.xml:24:9-32:20
99            android:name="androidx.startup.InitializationProvider"
99-->[androidx.emoji2:emoji2:1.3.0] AndroidManifest.xml:25:13-67
100            android:authorities="com.example.skillocal_final.androidx-startup"
100-->[androidx.emoji2:emoji2:1.3.0] AndroidManifest.xml:26:13-68
101            android:exported="false" >
101-->[androidx.emoji2:emoji2:1.3.0] AndroidManifest.xml:27:13-37
102            <meta-data
102-->[androidx.emoji2:emoji2:1.3.0] AndroidManifest.xml:29:13-31:52
103                android:name="androidx.emoji2.text.EmojiCompatInitializer"
103-->[androidx.emoji2:emoji2:1.3.0] AndroidManifest.xml:30:17-75
104                android:value="androidx.startup" />
104-->[androidx.emoji2:emoji2:1.3.0] AndroidManifest.xml:31:17-49
105            <meta-data
105-->[androidx.lifecycle:lifecycle-process:2.6.2] AndroidManifest.xml:29:13-31:52
106                android:name="androidx.lifecycle.ProcessLifecycleInitializer"
106-->[androidx.lifecycle:lifecycle-process:2.6.2] AndroidManifest.xml:30:17-78
107                android:value="androidx.startup" />
107-->[androidx.lifecycle:lifecycle-process:2.6.2] AndroidManifest.xml:31:17-49
108            <meta-data
108-->[androidx.profileinstaller:profileinstaller:1.4.0] AndroidManifest.xml:29:13-31:52
109                android:name="androidx.profileinstaller.ProfileInstallerInitializer"
109-->[androidx.profileinstaller:profileinstaller:1.4.0] AndroidManifest.xml:30:17-85
110                android:value="androidx.startup" />
110-->[androidx.profileinstaller:profileinstaller:1.4.0] AndroidManifest.xml:31:17-49
111        </provider>
112
113        <receiver
113-->[androidx.profileinstaller:profileinstaller:1.4.0] AndroidManifest.xml:34:9-52:20
114            android:name="androidx.profileinstaller.ProfileInstallReceiver"
114-->[androidx.profileinstaller:profileinstaller:1.4.0] AndroidManifest.xml:35:13-76
115            android:directBootAware="false"
115-->[androidx.profileinstaller:profileinstaller:1.4.0] AndroidManifest.xml:36:13-44
116            android:enabled="true"
116-->[androidx.profileinstaller:profileinstaller:1.4.0] AndroidManifest.xml:37:13-35
117            android:exported="true"
117-->[androidx.profileinstaller:profileinstaller:1.4.0] AndroidManifest.xml:38:13-36
118            android:permission="android.permission.DUMP" >
118-->[androidx.profileinstaller:profileinstaller:1.4.0] AndroidManifest.xml:39:13-57
119            <intent-filter>
119-->[androidx.profileinstaller:profileinstaller:1.4.0] AndroidManifest.xml:40:13-42:29
120                <action android:name="androidx.profileinstaller.action.INSTALL_PROFILE" />
120-->[androidx.profileinstaller:profileinstaller:1.4.0] AndroidManifest.xml:41:17-91
120-->[androidx.profileinstaller:profileinstaller:1.4.0] AndroidManifest.xml:41:25-88
121            </intent-filter>
122            <intent-filter>
122-->[androidx.profileinstaller:profileinstaller:1.4.0] AndroidManifest.xml:43:13-45:29
123                <action android:name="androidx.profileinstaller.action.SKIP_FILE" />
123-->[androidx.profileinstaller:profileinstaller:1.4.0] AndroidManifest.xml:44:17-85
123-->[androidx.profileinstaller:profileinstaller:1.4.0] AndroidManifest.xml:44:25-82
124            </intent-filter>
125            <intent-filter>
125-->[androidx.profileinstaller:profileinstaller:1.4.0] AndroidManifest.xml:46:13-48:29
126                <action android:name="androidx.profileinstaller.action.SAVE_PROFILE" />
126-->[androidx.profileinstaller:profileinstaller:1.4.0] AndroidManifest.xml:47:17-88
126-->[androidx.profileinstaller:profileinstaller:1.4.0] AndroidManifest.xml:47:25-85
127            </intent-filter>
128            <intent-filter>
128-->[androidx.profileinstaller:profileinstaller:1.4.0] AndroidManifest.xml:49:13-51:29
129                <action android:name="androidx.profileinstaller.action.BENCHMARK_OPERATION" />
129-->[androidx.profileinstaller:profileinstaller:1.4.0] AndroidManifest.xml:50:17-95
129-->[androidx.profileinstaller:profileinstaller:1.4.0] AndroidManifest.xml:50:25-92
130            </intent-filter>
131        </receiver>
132    </application>
133
134</manifest>